# JRE version: OpenJDK Runtime Environment Temurin-17.0.4+8 (17.0.4+8) (build 17.0.4+8)
# Java VM: OpenJDK 64-Bit Server VM Temurin-17.0.4+8 (17.0.4+8, mixed mode, tiered, compressed oops, compressed class ptrs, g1 gc, windows-amd64)
GC Precious Log:
 CPUs: 2 total, 2 available
 Memory: 8190M
 Large Page Support: Disabled
 NUMA Support: Disabled
 Compressed Oops: Enabled (32-bit)
 Heap Region Size: 1M
 Heap Min Capacity: 8M
 Heap Initial Capacity: 128M
 Heap Max Capacity: 2G
 Pre-touch: Disabled
 Parallel Workers: 2
 Concurrent Workers: 1
 Concurrent Refinement Workers: 2
 Periodic GC: Disabled
Heap:
 garbage-first heap   total 73728K, used 45262K [0x0000000080000000, 0x0000000100000000)
  region size 1024K, 9 young (9216K), 1 survivors (1024K)
 Metaspace       used 66850K, committed 67264K, reserved 1114112K
  class space    used 8554K, committed 8768K, reserved 1048576K
GC Heap History (20 events):
Event: 11.215 GC heap before
{Heap before GC invocations=17 (full 0):
 garbage-first heap   total 61440K, used 23082K [0x0000000080000000, 0x0000000100000000)
  region size 1024K, 4 young (4096K), 3 survivors (3072K)
 Metaspace       used 59797K, committed 60096K, reserved 1105920K
  class space    used 7666K, committed 7808K, reserved 1048576K
}
Event: 11.235 GC heap after
{Heap after GC invocations=18 (full 0):
 garbage-first heap   total 61440K, used 23297K [0x0000000080000000, 0x0000000100000000)
  region size 1024K, 2 young (2048K), 2 survivors (2048K)
 Metaspace       used 59797K, committed 60096K, reserved 1105920K
  class space    used 7666K, committed 7808K, reserved 1048576K
}
Event: 12.065 GC heap before
{Heap before GC invocations=19 (full 0):
 garbage-first heap   total 61440K, used 48897K [0x0000000080000000, 0x0000000100000000)
  region size 1024K, 26 young (26624K), 2 survivors (2048K)
 Metaspace       used 61312K, committed 61696K, reserved 1105920K
  class space    used 7852K, committed 8064K, reserved 1048576K
}
Event: 12.078 GC heap after
{Heap after GC invocations=20 (full 0):
 garbage-first heap   total 61440K, used 27486K [0x0000000080000000, 0x0000000100000000)
  region size 1024K, 4 young (4096K), 4 survivors (4096K)
 Metaspace       used 61312K, committed 61696K, reserved 1105920K
  class space    used 7852K, committed 8064K, reserved 1048576K
}
Event: 12.792 GC heap before
{Heap before GC invocations=20 (full 0):
 garbage-first heap   total 61440K, used 46942K [0x0000000080000000, 0x0000000100000000)
  region size 1024K, 24 young (24576K), 4 survivors (4096K)
 Metaspace       used 61462K, committed 61888K, reserved 1105920K
  class space    used 7865K, committed 8064K, reserved 1048576K
}
Event: 12.802 GC heap after
{Heap after GC invocations=21 (full 0):
 garbage-first heap   total 61440K, used 29317K [0x0000000080000000, 0x0000000100000000)
  region size 1024K, 2 young (2048K), 2 survivors (2048K)
 Metaspace       used 61462K, committed 61888K, reserved 1105920K
  class space    used 7865K, committed 8064K, reserved 1048576K
}
Event: 12.921 GC heap before
{Heap before GC invocations=21 (full 0):
 garbage-first heap   total 61440K, used 31365K [0x0000000080000000, 0x0000000100000000)
  region size 1024K, 6 young (6144K), 2 survivors (2048K)
 Metaspace       used 61486K, committed 61888K, reserved 1105920K
  class space    used 7865K, committed 8064K, reserved 1048576K
}
Event: 12.925 GC heap after
{Heap after GC invocations=22 (full 0):
 garbage-first heap   total 73728K, used 30269K [0x0000000080000000, 0x0000000100000000)
  region size 1024K, 1 young (1024K), 1 survivors (1024K)
 Metaspace       used 61486K, committed 61888K, reserved 1105920K
  class space    used 7865K, committed 8064K, reserved 1048576K
}
Event: 13.355 GC heap before
{Heap before GC invocations=22 (full 0):
 garbage-first heap   total 73728K, used 54845K [0x0000000080000000, 0x0000000100000000)
  region size 1024K, 25 young (25600K), 1 survivors (1024K)
 Metaspace       used 61542K, committed 61952K, reserved 1105920K
  class space    used 7865K, committed 8064K, reserved 1048576K
}
Event: 13.373 GC heap after
{Heap after GC invocations=23 (full 0):
 garbage-first heap   total 73728K, used 36990K [0x0000000080000000, 0x0000000100000000)
  region size 1024K, 4 young (4096K), 4 survivors (4096K)
 Metaspace       used 61542K, committed 61952K, reserved 1105920K
  class space    used 7865K, committed 8064K, reserved 1048576K
}
Event: 13.500 GC heap before
{Heap before GC invocations=23 (full 0):
 garbage-first heap   total 73728K, used 41086K [0x0000000080000000, 0x0000000100000000)
  region size 1024K, 10 young (10240K), 4 survivors (4096K)
 Metaspace       used 61554K, committed 61952K, reserved 1105920K
  class space    used 7865K, committed 8064K, reserved 1048576K
}
Event: 13.510 GC heap after
{Heap after GC invocations=24 (full 0):
 garbage-first heap   total 73728K, used 38762K [0x0000000080000000, 0x0000000100000000)
  region size 1024K, 2 young (2048K), 2 survivors (2048K)
 Metaspace       used 61554K, committed 61952K, reserved 1105920K
  class space    used 7865K, committed 8064K, reserved 1048576K
}
Event: 13.859 GC heap before
{Heap before GC invocations=25 (full 0):
 garbage-first heap   total 73728K, used 53098K [0x0000000080000000, 0x0000000100000000)
  region size 1024K, 19 young (19456K), 2 survivors (2048K)
 Metaspace       used 61588K, committed 61952K, reserved 1105920K
  class space    used 7865K, committed 8064K, reserved 1048576K
}
Event: 13.868 GC heap after
{Heap after GC invocations=26 (full 0):
 garbage-first heap   total 73728K, used 39610K [0x0000000080000000, 0x0000000100000000)
  region size 1024K, 3 young (3072K), 3 survivors (3072K)
 Metaspace       used 61588K, committed 61952K, reserved 1105920K
  class space    used 7865K, committed 8064K, reserved 1048576K
}
Event: 14.485 GC heap before
{Heap before GC invocations=26 (full 0):
 garbage-first heap   total 73728K, used 55994K [0x0000000080000000, 0x0000000100000000)
  region size 1024K, 19 young (19456K), 3 survivors (3072K)
 Metaspace       used 62510K, committed 62912K, reserved 1105920K
  class space    used 7994K, committed 8192K, reserved 1048576K
}
Event: 14.503 GC heap after
{Heap after GC invocations=27 (full 0):
 garbage-first heap   total 73728K, used 44184K [0x0000000080000000, 0x0000000100000000)
  region size 1024K, 3 young (3072K), 3 survivors (3072K)
 Metaspace       used 62510K, committed 62912K, reserved 1105920K
  class space    used 7994K, committed 8192K, reserved 1048576K
}
Event: 17.829 GC heap before
{Heap before GC invocations=28 (full 0):
 garbage-first heap   total 73728K, used 52376K [0x0000000080000000, 0x0000000100000000)
  region size 1024K, 15 young (15360K), 3 survivors (3072K)
 Metaspace       used 65513K, committed 65920K, reserved 1114112K
  class space    used 8364K, committed 8576K, reserved 1048576K
}
Event: 17.844 GC heap after
{Heap after GC invocations=29 (full 0):
 garbage-first heap   total 73728K, used 42596K [0x0000000080000000, 0x0000000100000000)
  region size 1024K, 2 young (2048K), 2 survivors (2048K)
 Metaspace       used 65513K, committed 65920K, reserved 1114112K
  class space    used 8364K, committed 8576K, reserved 1048576K
}
Event: 18.016 GC heap before
{Heap before GC invocations=29 (full 0):
 garbage-first heap   total 73728K, used 43620K [0x0000000080000000, 0x0000000100000000)
  region size 1024K, 3 young (3072K), 2 survivors (2048K)
 Metaspace       used 65570K, committed 65920K, reserved 1114112K
  class space    used 8372K, committed 8576K, reserved 1048576K
}
Event: 18.026 GC heap after
{Heap after GC invocations=30 (full 0):
 garbage-first heap   total 73728K, used 38094K [0x0000000080000000, 0x0000000100000000)
  region size 1024K, 1 young (1024K), 1 survivors (1024K)
 Metaspace       used 65570K, committed 65920K, reserved 1114112K
  class space    used 8372K, committed 8576K, reserved 1048576K
}

