# JRE version: OpenJDK Runtime Environment Temurin-18.0.1+10 (18.0.1+10) (build 18.0.1+10)
# Java VM: OpenJDK 64-Bit Server VM Temurin-18.0.1+10 (18.0.1+10, mixed mode, emulated-client, tiered, compressed oops, compressed class ptrs, g1 gc, windows-amd64)
GC Precious Log:
 CardTable entry size: 512
 Card Set container configuration: InlinePtr #cards 5 size 8 Array Of Cards #cards 12 size 40 Howl #buckets 4 coarsen threshold 1843 Howl Bitmap #cards 512 size 80 coarsen threshold 460 Card regions per heap region 1 cards per card region 2048
 CPUs: 8 total, 8 available
 Memory: 7971M
 Large Page Support: Disabled
 NUMA Support: Disabled
 Compressed Oops: Enabled (32-bit)
 Heap Region Size: 1M
 Heap Min Capacity: 8M
 Heap Initial Capacity: 126M
 Heap Max Capacity: 1994M
 Pre-touch: Disabled
 Parallel Workers: 8
 Concurrent Workers: 2
 Concurrent Refinement Workers: 8
 Periodic GC: Disabled
Heap:
 garbage-first heap   total 86016K, used 60151K [0x0000000083600000, 0x0000000100000000)
  region size 1024K, 27 young (27648K), 3 survivors (3072K)
 Metaspace       used 62611K, committed 63360K, reserved 1114112K
  class space    used 8344K, committed 8704K, reserved 1048576K
GC Heap History (20 events):
Event: 4.652 GC heap before
{Heap before GC invocations=11 (full 0):
 garbage-first heap   total 65536K, used 63059K [0x0000000083600000, 0x0000000100000000)
  region size 1024K, 52 young (53248K), 6 survivors (6144K)
 Metaspace       used 39594K, committed 40000K, reserved 1114112K
  class space    used 4926K, committed 5120K, reserved 1048576K
}
Event: 4.661 GC heap after
{Heap after GC invocations=12 (full 0):
 garbage-first heap   total 86016K, used 17229K [0x0000000083600000, 0x0000000100000000)
  region size 1024K, 5 young (5120K), 5 survivors (5120K)
 Metaspace       used 39594K, committed 40000K, reserved 1114112K
  class space    used 4926K, committed 5120K, reserved 1048576K
}
Event: 4.664 GC heap before
{Heap before GC invocations=12 (full 0):
 garbage-first heap   total 86016K, used 18253K [0x0000000083600000, 0x0000000100000000)
  region size 1024K, 6 young (6144K), 5 survivors (5120K)
 Metaspace       used 39731K, committed 40128K, reserved 1114112K
  class space    used 4937K, committed 5120K, reserved 1048576K
}
Event: 4.670 GC heap after
{Heap after GC invocations=13 (full 0):
 garbage-first heap   total 86016K, used 18234K [0x0000000083600000, 0x0000000100000000)
  region size 1024K, 1 young (1024K), 1 survivors (1024K)
 Metaspace       used 39731K, committed 40128K, reserved 1114112K
  class space    used 4937K, committed 5120K, reserved 1048576K
}
Event: 6.241 GC heap before
{Heap before GC invocations=13 (full 0):
 garbage-first heap   total 86016K, used 67386K [0x0000000083600000, 0x0000000100000000)
  region size 1024K, 50 young (51200K), 1 survivors (1024K)
 Metaspace       used 42976K, committed 43456K, reserved 1114112K
  class space    used 5394K, committed 5632K, reserved 1048576K
}
Event: 6.246 GC heap after
{Heap after GC invocations=14 (full 0):
 garbage-first heap   total 86016K, used 19573K [0x0000000083600000, 0x0000000100000000)
  region size 1024K, 3 young (3072K), 3 survivors (3072K)
 Metaspace       used 42976K, committed 43456K, reserved 1114112K
  class space    used 5394K, committed 5632K, reserved 1048576K
}
Event: 7.832 GC heap before
{Heap before GC invocations=14 (full 0):
 garbage-first heap   total 86016K, used 67701K [0x0000000083600000, 0x0000000100000000)
  region size 1024K, 50 young (51200K), 3 survivors (3072K)
 Metaspace       used 46315K, committed 46848K, reserved 1114112K
  class space    used 5950K, committed 6208K, reserved 1048576K
}
Event: 7.839 GC heap after
{Heap after GC invocations=15 (full 0):
 garbage-first heap   total 86016K, used 21751K [0x0000000083600000, 0x0000000100000000)
  region size 1024K, 5 young (5120K), 5 survivors (5120K)
 Metaspace       used 46315K, committed 46848K, reserved 1114112K
  class space    used 5950K, committed 6208K, reserved 1048576K
}
Event: 9.666 GC heap before
{Heap before GC invocations=15 (full 0):
 garbage-first heap   total 86016K, used 67831K [0x0000000083600000, 0x0000000100000000)
  region size 1024K, 50 young (51200K), 5 survivors (5120K)
 Metaspace       used 49410K, committed 49984K, reserved 1114112K
  class space    used 6434K, committed 6720K, reserved 1048576K
}
Event: 9.677 GC heap after
{Heap after GC invocations=16 (full 0):
 garbage-first heap   total 86016K, used 24532K [0x0000000083600000, 0x0000000100000000)
  region size 1024K, 5 young (5120K), 5 survivors (5120K)
 Metaspace       used 49410K, committed 49984K, reserved 1114112K
  class space    used 6434K, committed 6720K, reserved 1048576K
}
Event: 10.883 GC heap before
{Heap before GC invocations=16 (full 0):
 garbage-first heap   total 86016K, used 68564K [0x0000000083600000, 0x0000000100000000)
  region size 1024K, 48 young (49152K), 5 survivors (5120K)
 Metaspace       used 53509K, committed 54080K, reserved 1114112K
  class space    used 7012K, committed 7296K, reserved 1048576K
}
Event: 10.894 GC heap after
{Heap after GC invocations=17 (full 0):
 garbage-first heap   total 86016K, used 27671K [0x0000000083600000, 0x0000000100000000)
  region size 1024K, 6 young (6144K), 6 survivors (6144K)
 Metaspace       used 53509K, committed 54080K, reserved 1114112K
  class space    used 7012K, committed 7296K, reserved 1048576K
}
Event: 12.253 GC heap before
{Heap before GC invocations=17 (full 0):
 garbage-first heap   total 86016K, used 67607K [0x0000000083600000, 0x0000000100000000)
  region size 1024K, 45 young (46080K), 6 survivors (6144K)
 Metaspace       used 57273K, committed 57920K, reserved 1114112K
  class space    used 7528K, committed 7808K, reserved 1048576K
}
Event: 12.261 GC heap after
{Heap after GC invocations=18 (full 0):
 garbage-first heap   total 86016K, used 29621K [0x0000000083600000, 0x0000000100000000)
  region size 1024K, 5 young (5120K), 5 survivors (5120K)
 Metaspace       used 57273K, committed 57920K, reserved 1114112K
  class space    used 7528K, committed 7808K, reserved 1048576K
}
Event: 21.872 GC heap before
{Heap before GC invocations=18 (full 0):
 garbage-first heap   total 86016K, used 55221K [0x0000000083600000, 0x0000000100000000)
  region size 1024K, 32 young (32768K), 5 survivors (5120K)
 Metaspace       used 59459K, committed 60096K, reserved 1114112K
  class space    used 7854K, committed 8128K, reserved 1048576K
}
Event: 21.879 GC heap after
{Heap after GC invocations=19 (full 0):
 garbage-first heap   total 86016K, used 30958K [0x0000000083600000, 0x0000000100000000)
  region size 1024K, 4 young (4096K), 4 survivors (4096K)
 Metaspace       used 59459K, committed 60096K, reserved 1114112K
  class space    used 7854K, committed 8128K, reserved 1048576K
}
Event: 70.748 GC heap before
{Heap before GC invocations=20 (full 0):
 garbage-first heap   total 86016K, used 74990K [0x0000000083600000, 0x0000000100000000)
  region size 1024K, 41 young (41984K), 4 survivors (4096K)
 Metaspace       used 61910K, committed 62656K, reserved 1114112K
  class space    used 8222K, committed 8576K, reserved 1048576K
}
Event: 70.763 GC heap after
{Heap after GC invocations=21 (full 0):
 garbage-first heap   total 86016K, used 34357K [0x0000000083600000, 0x0000000100000000)
  region size 1024K, 6 young (6144K), 6 survivors (6144K)
 Metaspace       used 61910K, committed 62656K, reserved 1114112K
  class space    used 8222K, committed 8576K, reserved 1048576K
}
Event: 1211.634 GC heap before
{Heap before GC invocations=21 (full 0):
 garbage-first heap   total 86016K, used 68149K [0x0000000083600000, 0x0000000100000000)
  region size 1024K, 39 young (39936K), 6 survivors (6144K)
 Metaspace       used 62545K, committed 63296K, reserved 1114112K
  class space    used 8335K, committed 8704K, reserved 1048576K
}
Event: 1211.642 GC heap after
{Heap after GC invocations=22 (full 0):
 garbage-first heap   total 86016K, used 36599K [0x0000000083600000, 0x0000000100000000)
  region size 1024K, 3 young (3072K), 3 survivors (3072K)
 Metaspace       used 62545K, committed 63296K, reserved 1114112K
  class space    used 8335K, committed 8704K, reserved 1048576K
}

