# JRE version: OpenJDK Runtime Environment Temurin-17.0.4+8 (17.0.4+8) (build 17.0.4+8)
# Java VM: OpenJDK 64-Bit Server VM Temurin-17.0.4+8 (17.0.4+8, mixed mode, tiered, compressed oops, compressed class ptrs, g1 gc, windows-amd64)
GC Precious Log:
 CPUs: 2 total, 2 available
 Memory: 8190M
 Large Page Support: Disabled
 NUMA Support: Disabled
 Compressed Oops: Enabled (32-bit)
 Heap Region Size: 1M
 Heap Min Capacity: 8M
 Heap Initial Capacity: 128M
 Heap Max Capacity: 2G
 Pre-touch: Disabled
 Parallel Workers: 2
 Concurrent Workers: 1
 Concurrent Refinement Workers: 2
 Periodic GC: Disabled
Heap:
 garbage-first heap   total 73728K, used 32896K [0x0000000080000000, 0x0000000100000000)
  region size 1024K, 1 young (1024K), 1 survivors (1024K)
 Metaspace       used 41924K, committed 42240K, reserved 1089536K
  class space    used 4911K, committed 5056K, reserved 1048576K
GC Heap History (20 events):
Event: 7.503 GC heap after
{Heap after GC invocations=14 (full 0):
 garbage-first heap   total 51200K, used 18822K [0x0000000080000000, 0x0000000100000000)
  region size 1024K, 2 young (2048K), 2 survivors (2048K)
 Metaspace       used 41218K, committed 41536K, reserved 1089536K
  class space    used 4875K, committed 5056K, reserved 1048576K
}
Event: 7.904 GC heap before
{Heap before GC invocations=14 (full 0):
 garbage-first heap   total 51200K, used 38278K [0x0000000080000000, 0x0000000100000000)
  region size 1024K, 22 young (22528K), 2 survivors (2048K)
 Metaspace       used 41550K, committed 41920K, reserved 1089536K
  class space    used 4895K, committed 5056K, reserved 1048576K
}
Event: 7.916 GC heap after
{Heap after GC invocations=15 (full 0):
 garbage-first heap   total 51200K, used 23242K [0x0000000080000000, 0x0000000100000000)
  region size 1024K, 3 young (3072K), 3 survivors (3072K)
 Metaspace       used 41550K, committed 41920K, reserved 1089536K
  class space    used 4895K, committed 5056K, reserved 1048576K
}
Event: 8.276 GC heap before
{Heap before GC invocations=15 (full 0):
 garbage-first heap   total 51200K, used 39626K [0x0000000080000000, 0x0000000100000000)
  region size 1024K, 18 young (18432K), 3 survivors (3072K)
 Metaspace       used 41702K, committed 42048K, reserved 1089536K
  class space    used 4909K, committed 5056K, reserved 1048576K
}
Event: 8.294 GC heap after
{Heap after GC invocations=16 (full 0):
 garbage-first heap   total 51200K, used 27910K [0x0000000080000000, 0x0000000100000000)
  region size 1024K, 3 young (3072K), 3 survivors (3072K)
 Metaspace       used 41702K, committed 42048K, reserved 1089536K
  class space    used 4909K, committed 5056K, reserved 1048576K
}
Event: 8.451 GC heap before
{Heap before GC invocations=16 (full 0):
 garbage-first heap   total 51200K, used 38150K [0x0000000080000000, 0x0000000100000000)
  region size 1024K, 13 young (13312K), 3 survivors (3072K)
 Metaspace       used 41737K, committed 42112K, reserved 1089536K
  class space    used 4909K, committed 5056K, reserved 1048576K
}
Event: 8.462 GC heap after
{Heap after GC invocations=17 (full 0):
 garbage-first heap   total 51200K, used 30511K [0x0000000080000000, 0x0000000100000000)
  region size 1024K, 2 young (2048K), 2 survivors (2048K)
 Metaspace       used 41737K, committed 42112K, reserved 1089536K
  class space    used 4909K, committed 5056K, reserved 1048576K
}
Event: 8.647 GC heap before
{Heap before GC invocations=18 (full 0):
 garbage-first heap   total 53248K, used 38703K [0x0000000080000000, 0x0000000100000000)
  region size 1024K, 10 young (10240K), 2 survivors (2048K)
 Metaspace       used 41747K, committed 42112K, reserved 1089536K
  class space    used 4909K, committed 5056K, reserved 1048576K
}
Event: 8.652 GC heap after
{Heap after GC invocations=19 (full 0):
 garbage-first heap   total 53248K, used 32753K [0x0000000080000000, 0x0000000100000000)
  region size 1024K, 2 young (2048K), 2 survivors (2048K)
 Metaspace       used 41747K, committed 42112K, reserved 1089536K
  class space    used 4909K, committed 5056K, reserved 1048576K
}
Event: 8.661 GC heap before
{Heap before GC invocations=19 (full 0):
 garbage-first heap   total 53248K, used 33777K [0x0000000080000000, 0x0000000100000000)
  region size 1024K, 3 young (3072K), 2 survivors (2048K)
 Metaspace       used 41747K, committed 42112K, reserved 1089536K
  class space    used 4909K, committed 5056K, reserved 1048576K
}
Event: 8.667 GC heap after
{Heap after GC invocations=20 (full 0):
 garbage-first heap   total 73728K, used 30062K [0x0000000080000000, 0x0000000100000000)
  region size 1024K, 1 young (1024K), 1 survivors (1024K)
 Metaspace       used 41747K, committed 42112K, reserved 1089536K
  class space    used 4909K, committed 5056K, reserved 1048576K
}
Event: 9.005 GC heap before
{Heap before GC invocations=20 (full 0):
 garbage-first heap   total 73728K, used 51566K [0x0000000080000000, 0x0000000100000000)
  region size 1024K, 23 young (23552K), 1 survivors (1024K)
 Metaspace       used 41803K, committed 42112K, reserved 1089536K
  class space    used 4909K, committed 5056K, reserved 1048576K
}
Event: 9.019 GC heap after
{Heap after GC invocations=21 (full 0):
 garbage-first heap   total 73728K, used 35869K [0x0000000080000000, 0x0000000100000000)
  region size 1024K, 3 young (3072K), 3 survivors (3072K)
 Metaspace       used 41803K, committed 42112K, reserved 1089536K
  class space    used 4909K, committed 5056K, reserved 1048576K
}
Event: 9.081 GC heap before
{Heap before GC invocations=21 (full 0):
 garbage-first heap   total 73728K, used 44061K [0x0000000080000000, 0x0000000100000000)
  region size 1024K, 12 young (12288K), 3 survivors (3072K)
 Metaspace       used 41817K, committed 42176K, reserved 1089536K
  class space    used 4909K, committed 5056K, reserved 1048576K
}
Event: 9.089 GC heap after
{Heap after GC invocations=22 (full 0):
 garbage-first heap   total 73728K, used 38254K [0x0000000080000000, 0x0000000100000000)
  region size 1024K, 2 young (2048K), 2 survivors (2048K)
 Metaspace       used 41817K, committed 42176K, reserved 1089536K
  class space    used 4909K, committed 5056K, reserved 1048576K
}
Event: 9.386 GC heap before
{Heap before GC invocations=23 (full 0):
 garbage-first heap   total 73728K, used 51566K [0x0000000080000000, 0x0000000100000000)
  region size 1024K, 17 young (17408K), 2 survivors (2048K)
 Metaspace       used 41870K, committed 42176K, reserved 1089536K
  class space    used 4909K, committed 5056K, reserved 1048576K
}
Event: 9.398 GC heap after
{Heap after GC invocations=24 (full 0):
 garbage-first heap   total 73728K, used 40330K [0x0000000080000000, 0x0000000100000000)
  region size 1024K, 3 young (3072K), 3 survivors (3072K)
 Metaspace       used 41870K, committed 42176K, reserved 1089536K
  class space    used 4909K, committed 5056K, reserved 1048576K
}
Event: 9.406 GC heap before
{Heap before GC invocations=24 (full 0):
 garbage-first heap   total 73728K, used 41354K [0x0000000080000000, 0x0000000100000000)
  region size 1024K, 4 young (4096K), 3 survivors (3072K)
 Metaspace       used 41870K, committed 42176K, reserved 1089536K
  class space    used 4909K, committed 5056K, reserved 1048576K
}
Event: 9.414 GC heap after
{Heap after GC invocations=25 (full 0):
 garbage-first heap   total 73728K, used 33706K [0x0000000080000000, 0x0000000100000000)
  region size 1024K, 1 young (1024K), 1 survivors (1024K)
 Metaspace       used 41870K, committed 42176K, reserved 1089536K
  class space    used 4909K, committed 5056K, reserved 1048576K
}
Event: 9.480 GC heap before
{Heap before GC invocations=25 (full 0):
 garbage-first heap   total 73728K, used 35754K [0x0000000080000000, 0x0000000100000000)
  region size 1024K, 3 young (3072K), 1 survivors (1024K)
 Metaspace       used 41924K, committed 42240K, reserved 1089536K
  class space    used 4911K, committed 5056K, reserved 1048576K
}

